<?xml version="1.0" encoding="UTF-8"?>
<coverage generated="1750138395455" clover="3.2.0">
  <project timestamp="1750138395455" name="All files">
    <metrics statements="66" coveredstatements="41" conditionals="18" coveredconditionals="5" methods="26" coveredmethods="11" elements="110" coveredelements="57" complexity="0" loc="66" ncloc="66" packages="2" files="6" classes="6"/>
    <package name="components">
      <metrics statements="65" coveredstatements="40" conditionals="18" coveredconditionals="5" methods="26" coveredmethods="11"/>
      <file name="Body.js" path="/home/redhat/Desktop/desktop/JoyofReact/src/components/Body.js">
        <metrics statements="35" coveredstatements="17" conditionals="8" coveredconditionals="2" methods="12" coveredmethods="3"/>
        <line num="10" count="1" type="stmt"/>
        <line num="12" count="6" type="stmt"/>
        <line num="13" count="5" type="stmt"/>
        <line num="15" count="5" type="stmt"/>
        <line num="16" count="5" type="stmt"/>
        <line num="63" count="5" type="stmt"/>
        <line num="65" count="1" type="stmt"/>
        <line num="70" count="5" type="stmt"/>
        <line num="71" count="1" type="stmt"/>
        <line num="72" count="1" type="stmt"/>
        <line num="77" count="1" type="stmt"/>
        <line num="83" count="1" type="stmt"/>
        <line num="84" count="1" type="stmt"/>
        <line num="86" count="0" type="stmt"/>
        <line num="90" count="5" type="stmt"/>
        <line num="91" count="5" type="cond" truecount="1" falsecount="1"/>
        <line num="96" count="5" type="stmt"/>
        <line num="98" count="5" type="cond" truecount="1" falsecount="1"/>
        <line num="109" count="0" type="stmt"/>
        <line num="113" count="0" type="cond" truecount="0" falsecount="2"/>
        <line num="114" count="0" type="stmt"/>
        <line num="116" count="0" type="stmt"/>
        <line num="117" count="0" type="stmt"/>
        <line num="118" count="0" type="stmt"/>
        <line num="120" count="0" type="stmt"/>
        <line num="130" count="0" type="stmt"/>
        <line num="131" count="0" type="stmt"/>
        <line num="133" count="0" type="stmt"/>
        <line num="135" count="0" type="stmt"/>
        <line num="148" count="0" type="stmt"/>
        <line num="149" count="0" type="stmt"/>
        <line num="151" count="0" type="stmt"/>
        <line num="152" count="0" type="stmt"/>
        <line num="160" count="0" type="stmt"/>
        <line num="166" count="0" type="stmt"/>
      </file>
      <file name="Contact.js" path="/home/redhat/Desktop/desktop/JoyofReact/src/components/Contact.js">
        <metrics statements="2" coveredstatements="2" conditionals="0" coveredconditionals="0" methods="1" coveredmethods="1"/>
        <line num="1" count="1" type="stmt"/>
        <line num="2" count="5" type="stmt"/>
      </file>
      <file name="Header.js" path="/home/redhat/Desktop/desktop/JoyofReact/src/components/Header.js">
        <metrics statements="8" coveredstatements="8" conditionals="4" coveredconditionals="2" methods="4" coveredmethods="4"/>
        <line num="9" count="1" type="stmt"/>
        <line num="11" count="3" type="stmt"/>
        <line num="13" count="3" type="stmt"/>
        <line num="21" count="3" type="stmt"/>
        <line num="24" count="3" type="stmt"/>
        <line num="28" count="5" type="stmt"/>
        <line num="30" count="3" type="stmt"/>
        <line num="62" count="1" type="cond" truecount="1" falsecount="1"/>
      </file>
      <file name="RestaurantCard.js" path="/home/redhat/Desktop/desktop/JoyofReact/src/components/RestaurantCard.js">
        <metrics statements="8" coveredstatements="7" conditionals="0" coveredconditionals="0" methods="3" coveredmethods="2"/>
        <line num="5" count="2" type="stmt"/>
        <line num="6" count="1" type="stmt"/>
        <line num="8" count="1" type="stmt"/>
        <line num="9" count="1" type="stmt"/>
        <line num="10" count="1" type="stmt"/>
        <line num="27" count="2" type="stmt"/>
        <line num="28" count="5" type="stmt"/>
        <line num="29" count="0" type="stmt"/>
      </file>
      <file name="RestaurantMenu.js" path="/home/redhat/Desktop/desktop/JoyofReact/src/components/RestaurantMenu.js">
        <metrics statements="12" coveredstatements="6" conditionals="6" coveredconditionals="1" methods="6" coveredmethods="1"/>
        <line num="8" count="1" type="stmt"/>
        <line num="12" count="1" type="stmt"/>
        <line num="13" count="1" type="stmt"/>
        <line num="15" count="1" type="stmt"/>
        <line num="18" count="1" type="cond" truecount="1" falsecount="1"/>
        <line num="19" count="1" type="stmt"/>
        <line num="23" count="0" type="stmt"/>
        <line num="25" count="0" type="stmt"/>
        <line num="27" count="0" type="stmt"/>
        <line num="29" count="0" type="stmt"/>
        <line num="38" count="0" type="stmt"/>
        <line num="41" count="0" type="cond" truecount="0" falsecount="2"/>
      </file>
    </package>
    <package name="utils">
      <metrics statements="1" coveredstatements="1" conditionals="0" coveredconditionals="0" methods="0" coveredmethods="0"/>
      <file name="appStore.js" path="/home/redhat/Desktop/desktop/JoyofReact/src/utils/appStore.js">
        <metrics statements="1" coveredstatements="1" conditionals="0" coveredconditionals="0" methods="0" coveredmethods="0"/>
        <line num="4" count="1" type="stmt"/>
      </file>
    </package>
  </project>
</coverage>
