{"C:\\Users\\Rohit Kumar Morya\\Desktop\\JoyofReact\\src\\components\\Contact.js": {"path":"C:\\Users\\Rohit Kumar Morya\\Desktop\\JoyofReact\\src\\components\\Contact.js","statementMap":{"0":{"start":{"line":1,"column":16},"end":{"line":13,"column":1}},"1":{"start":{"line":2,"column":4},"end":{"line":12,"column":5}}},"fnMap":{"0":{"name":"(anonymous_0)","decl":{"start":{"line":1,"column":16},"end":{"line":1,"column":17}},"loc":{"start":{"line":1,"column":20},"end":{"line":13,"column":1}},"line":1}},"branchMap":{},"s":{"0":1,"1":4},"f":{"0":4},"b":{},"_coverageSchema":"1a1c01bbd47fc00a2c39e90264f33305004495a9","hash":"18305f535fcafcc49db2a42bac0c7eeecc947d23"}
,"C:\\Users\\Rohit Kumar Morya\\Desktop\\JoyofReact\\src\\components\\sum.js": {"path":"C:\\Users\\Rohit Kumar Morya\\Desktop\\JoyofReact\\src\\components\\sum.js","statementMap":{"0":{"start":{"line":1,"column":17},"end":{"line":3,"column":1}},"1":{"start":{"line":2,"column":4},"end":{"line":2,"column":15}}},"fnMap":{"0":{"name":"(anonymous_0)","decl":{"start":{"line":1,"column":17},"end":{"line":1,"column":18}},"loc":{"start":{"line":1,"column":24},"end":{"line":3,"column":1}},"line":1}},"branchMap":{},"s":{"0":1,"1":1},"f":{"0":1},"b":{},"_coverageSchema":"1a1c01bbd47fc00a2c39e90264f33305004495a9","hash":"00b1a94ab7e35d3984f075050fdb89faf4c21996"}
}
