{"/home/redhat/Desktop/desktop/JoyofReact/src/components/Body.js": {"path":"/home/redhat/Desktop/desktop/JoyofReact/src/components/Body.js","statementMap":{"0":{"start":{"line":10,"column":13},"end":{"line":177,"column":1}},"1":{"start":{"line":12,"column":52},"end":{"line":12,"column":64}},"2":{"start":{"line":13,"column":51},"end":{"line":13,"column":63}},"3":{"start":{"line":15,"column":38},"end":{"line":15,"column":50}},"4":{"start":{"line":16,"column":31},"end":{"line":16,"column":64}},"5":{"start":{"line":63,"column":2},"end":{"line":66,"column":9}},"6":{"start":{"line":65,"column":4},"end":{"line":65,"column":16}},"7":{"start":{"line":70,"column":20},"end":{"line":88,"column":3}},"8":{"start":{"line":71,"column":4},"end":{"line":87,"column":3}},"9":{"start":{"line":72,"column":19},"end":{"line":74,"column":7}},"10":{"start":{"line":77,"column":19},"end":{"line":77,"column":36}},"11":{"start":{"line":83,"column":4},"end":{"line":83,"column":101}},"12":{"start":{"line":84,"column":4},"end":{"line":84,"column":102}},"13":{"start":{"line":86,"column":4},"end":{"line":86,"column":49}},"14":{"start":{"line":90,"column":21},"end":{"line":90,"column":38}},"15":{"start":{"line":91,"column":2},"end":{"line":91,"column":111}},"16":{"start":{"line":91,"column":27},"end":{"line":91,"column":111}},"17":{"start":{"line":96,"column":37},"end":{"line":96,"column":60}},"18":{"start":{"line":98,"column":2},"end":{"line":176,"column":4}},"19":{"start":{"line":109,"column":14},"end":{"line":109,"column":44}},"20":{"start":{"line":113,"column":6},"end":{"line":121,"column":7}},"21":{"start":{"line":114,"column":8},"end":{"line":114,"column":27}},"22":{"start":{"line":116,"column":8},"end":{"line":116,"column":32}},"23":{"start":{"line":117,"column":35},"end":{"line":119,"column":9}},"24":{"start":{"line":118,"column":10},"end":{"line":118,"column":72}},"25":{"start":{"line":120,"column":8},"end":{"line":120,"column":50}},"26":{"start":{"line":130,"column":14},"end":{"line":130,"column":38}},"27":{"start":{"line":131,"column":41},"end":{"line":134,"column":15}},"28":{"start":{"line":133,"column":18},"end":{"line":133,"column":80}},"29":{"start":{"line":135,"column":14},"end":{"line":135,"column":56}},"30":{"start":{"line":148,"column":32},"end":{"line":150,"column":13}},"31":{"start":{"line":149,"column":23},"end":{"line":149,"column":47}},"32":{"start":{"line":151,"column":12},"end":{"line":151,"column":37}},"33":{"start":{"line":152,"column":12},"end":{"line":152,"column":47}},"34":{"start":{"line":160,"column":88},"end":{"line":160,"column":115}},"35":{"start":{"line":166,"column":8},"end":{"line":172,"column":17}}},"fnMap":{"0":{"name":"(anonymous_0)","decl":{"start":{"line":10,"column":13},"end":{"line":10,"column":14}},"loc":{"start":{"line":10,"column":19},"end":{"line":177,"column":1}},"line":10},"1":{"name":"(anonymous_1)","decl":{"start":{"line":63,"column":12},"end":{"line":63,"column":13}},"loc":{"start":{"line":63,"column":18},"end":{"line":66,"column":3}},"line":63},"2":{"name":"(anonymous_2)","decl":{"start":{"line":70,"column":20},"end":{"line":70,"column":21}},"loc":{"start":{"line":70,"column":32},"end":{"line":88,"column":3}},"line":70},"3":{"name":"(anonymous_3)","decl":{"start":{"line":108,"column":22},"end":{"line":108,"column":23}},"loc":{"start":{"line":108,"column":29},"end":{"line":110,"column":13}},"line":108},"4":{"name":"(anonymous_4)","decl":{"start":{"line":112,"column":21},"end":{"line":112,"column":22}},"loc":{"start":{"line":112,"column":28},"end":{"line":122,"column":5}},"line":112},"5":{"name":"(anonymous_5)","decl":{"start":{"line":117,"column":60},"end":{"line":117,"column":61}},"loc":{"start":{"line":118,"column":10},"end":{"line":118,"column":72}},"line":118},"6":{"name":"(anonymous_6)","decl":{"start":{"line":127,"column":21},"end":{"line":127,"column":22}},"loc":{"start":{"line":127,"column":27},"end":{"line":136,"column":13}},"line":127},"7":{"name":"(anonymous_7)","decl":{"start":{"line":132,"column":16},"end":{"line":132,"column":17}},"loc":{"start":{"line":133,"column":18},"end":{"line":133,"column":80}},"line":133},"8":{"name":"(anonymous_8)","decl":{"start":{"line":146,"column":19},"end":{"line":146,"column":20}},"loc":{"start":{"line":146,"column":25},"end":{"line":153,"column":11}},"line":146},"9":{"name":"(anonymous_9)","decl":{"start":{"line":149,"column":14},"end":{"line":149,"column":15}},"loc":{"start":{"line":149,"column":23},"end":{"line":149,"column":47}},"line":149},"10":{"name":"(anonymous_10)","decl":{"start":{"line":160,"column":83},"end":{"line":160,"column":84}},"loc":{"start":{"line":160,"column":88},"end":{"line":160,"column":115}},"line":160},"11":{"name":"(anonymous_11)","decl":{"start":{"line":165,"column":32},"end":{"line":165,"column":33}},"loc":{"start":{"line":166,"column":8},"end":{"line":172,"column":17}},"line":166}},"branchMap":{"0":{"loc":{"start":{"line":91,"column":2},"end":{"line":91,"column":111}},"type":"if","locations":[{"start":{"line":91,"column":2},"end":{"line":91,"column":111}},{"start":{},"end":{}}],"line":91},"1":{"loc":{"start":{"line":98,"column":9},"end":{"line":176,"column":3}},"type":"cond-expr","locations":[{"start":{"line":99,"column":4},"end":{"line":99,"column":15}},{"start":{"line":101,"column":4},"end":{"line":175,"column":10}}],"line":98},"2":{"loc":{"start":{"line":113,"column":6},"end":{"line":121,"column":7}},"type":"if","locations":[{"start":{"line":113,"column":6},"end":{"line":121,"column":7}},{"start":{},"end":{}}],"line":113},"3":{"loc":{"start":{"line":167,"column":12},"end":{"line":169,"column":54}},"type":"cond-expr","locations":[{"start":{"line":168,"column":12},"end":{"line":168,"column":58}},{"start":{"line":169,"column":15},"end":{"line":169,"column":53}}],"line":167}},"s":{"0":1,"1":6,"2":5,"3":5,"4":5,"5":5,"6":1,"7":5,"8":1,"9":1,"10":1,"11":1,"12":1,"13":0,"14":5,"15":5,"16":0,"17":5,"18":5,"19":0,"20":0,"21":0,"22":0,"23":0,"24":0,"25":0,"26":0,"27":0,"28":0,"29":0,"30":0,"31":0,"32":0,"33":0,"34":0,"35":0},"f":{"0":6,"1":1,"2":1,"3":0,"4":0,"5":0,"6":0,"7":0,"8":0,"9":0,"10":0,"11":0},"b":{"0":[0,5],"1":[1,0],"2":[0,0],"3":[0,0]},"_coverageSchema":"1a1c01bbd47fc00a2c39e90264f33305004495a9","hash":"70700e52eadae6a7d0f578dd9864927dfc4a3bcc"}
,"/home/redhat/Desktop/desktop/JoyofReact/src/components/Contact.js": {"path":"/home/redhat/Desktop/desktop/JoyofReact/src/components/Contact.js","statementMap":{"0":{"start":{"line":1,"column":16},"end":{"line":13,"column":1}},"1":{"start":{"line":2,"column":4},"end":{"line":12,"column":5}}},"fnMap":{"0":{"name":"(anonymous_0)","decl":{"start":{"line":1,"column":16},"end":{"line":1,"column":17}},"loc":{"start":{"line":1,"column":20},"end":{"line":13,"column":1}},"line":1}},"branchMap":{},"s":{"0":1,"1":5},"f":{"0":5},"b":{},"_coverageSchema":"1a1c01bbd47fc00a2c39e90264f33305004495a9","hash":"60fe8b6d95083cede57d8ee3f69b6a21a81cfd0d"}
,"/home/redhat/Desktop/desktop/JoyofReact/src/components/Header.js": {"path":"/home/redhat/Desktop/desktop/JoyofReact/src/components/Header.js","statementMap":{"0":{"start":{"line":9,"column":15},"end":{"line":76,"column":1}},"1":{"start":{"line":11,"column":42},"end":{"line":11,"column":59}},"2":{"start":{"line":13,"column":13},"end":{"line":13,"column":36}},"3":{"start":{"line":21,"column":1},"end":{"line":23,"column":20}},"4":{"start":{"line":24,"column":21},"end":{"line":24,"column":38}},"5":{"start":{"line":28,"column":18},"end":{"line":28,"column":56}},"6":{"start":{"line":28,"column":39},"end":{"line":28,"column":55}},"7":{"start":{"line":30,"column":2},"end":{"line":75,"column":4}},"8":{"start":{"line":62,"column":12},"end":{"line":62,"column":75}}},"fnMap":{"0":{"name":"(anonymous_0)","decl":{"start":{"line":9,"column":15},"end":{"line":9,"column":16}},"loc":{"start":{"line":9,"column":21},"end":{"line":76,"column":1}},"line":9},"1":{"name":"(anonymous_1)","decl":{"start":{"line":21,"column":11},"end":{"line":21,"column":12}},"loc":{"start":{"line":21,"column":15},"end":{"line":23,"column":3}},"line":21},"2":{"name":"(anonymous_2)","decl":{"start":{"line":28,"column":30},"end":{"line":28,"column":31}},"loc":{"start":{"line":28,"column":39},"end":{"line":28,"column":55}},"line":28},"3":{"name":"(anonymous_3)","decl":{"start":{"line":61,"column":19},"end":{"line":61,"column":20}},"loc":{"start":{"line":61,"column":25},"end":{"line":63,"column":11}},"line":61}},"branchMap":{"0":{"loc":{"start":{"line":37,"column":43},"end":{"line":37,"column":68}},"type":"cond-expr","locations":[{"start":{"line":37,"column":58},"end":{"line":37,"column":61}},{"start":{"line":37,"column":64},"end":{"line":37,"column":68}}],"line":37},"1":{"loc":{"start":{"line":62,"column":28},"end":{"line":62,"column":73}},"type":"cond-expr","locations":[{"start":{"line":62,"column":55},"end":{"line":62,"column":63}},{"start":{"line":62,"column":66},"end":{"line":62,"column":73}}],"line":62}},"s":{"0":1,"1":3,"2":3,"3":3,"4":3,"5":3,"6":5,"7":3,"8":1},"f":{"0":3,"1":3,"2":5,"3":1},"b":{"0":[3,0],"1":[1,0]},"_coverageSchema":"1a1c01bbd47fc00a2c39e90264f33305004495a9","hash":"6629108252d6d25f0dc579f0ec242f4f874bda38"}
,"/home/redhat/Desktop/desktop/JoyofReact/src/components/RestaurantCard.js": {"path":"/home/redhat/Desktop/desktop/JoyofReact/src/components/RestaurantCard.js","statementMap":{"0":{"start":{"line":5,"column":23},"end":{"line":25,"column":3}},"1":{"start":{"line":6,"column":24},"end":{"line":6,"column":29}},"2":{"start":{"line":8,"column":68},"end":{"line":8,"column":81}},"3":{"start":{"line":9,"column":15},"end":{"line":9,"column":38}},"4":{"start":{"line":10,"column":4},"end":{"line":24,"column":6}},"5":{"start":{"line":27,"column":33},"end":{"line":36,"column":3}},"6":{"start":{"line":28,"column":4},"end":{"line":35,"column":5}},"7":{"start":{"line":29,"column":8},"end":{"line":34,"column":9}}},"fnMap":{"0":{"name":"(anonymous_0)","decl":{"start":{"line":5,"column":23},"end":{"line":5,"column":24}},"loc":{"start":{"line":5,"column":34},"end":{"line":25,"column":3}},"line":5},"1":{"name":"(anonymous_1)","decl":{"start":{"line":27,"column":33},"end":{"line":27,"column":34}},"loc":{"start":{"line":27,"column":51},"end":{"line":36,"column":3}},"line":27},"2":{"name":"(anonymous_2)","decl":{"start":{"line":28,"column":11},"end":{"line":28,"column":12}},"loc":{"start":{"line":28,"column":20},"end":{"line":35,"column":5}},"line":28}},"branchMap":{},"s":{"0":2,"1":1,"2":1,"3":1,"4":1,"5":2,"6":5,"7":0},"f":{"0":1,"1":5,"2":0},"b":{},"_coverageSchema":"1a1c01bbd47fc00a2c39e90264f33305004495a9","hash":"2cb9de19754bea2a5750ebe13d06fd267f1c95a8"}
,"/home/redhat/Desktop/desktop/JoyofReact/src/components/RestaurantMenu.js": {"path":"/home/redhat/Desktop/desktop/JoyofReact/src/components/RestaurantMenu.js","statementMap":{"0":{"start":{"line":8,"column":23},"end":{"line":46,"column":1}},"1":{"start":{"line":12,"column":18},"end":{"line":12,"column":29}},"2":{"start":{"line":13,"column":18},"end":{"line":13,"column":42}},"3":{"start":{"line":15,"column":34},"end":{"line":15,"column":48}},"4":{"start":{"line":18,"column":2},"end":{"line":21,"column":3}},"5":{"start":{"line":19,"column":4},"end":{"line":19,"column":23}},"6":{"start":{"line":23,"column":41},"end":{"line":23,"column":76}},"7":{"start":{"line":25,"column":19},"end":{"line":25,"column":94}},"8":{"start":{"line":27,"column":19},"end":{"line":27,"column":180}},"9":{"start":{"line":27,"column":91},"end":{"line":27,"column":179}},"10":{"start":{"line":29,"column":2},"end":{"line":45,"column":4}},"11":{"start":{"line":38,"column":11},"end":{"line":43,"column":14}},"12":{"start":{"line":38,"column":75},"end":{"line":38,"column":92}},"13":{"start":{"line":41,"column":30},"end":{"line":41,"column":93}},"14":{"start":{"line":41,"column":57},"end":{"line":41,"column":91}}},"fnMap":{"0":{"name":"(anonymous_0)","decl":{"start":{"line":8,"column":23},"end":{"line":8,"column":24}},"loc":{"start":{"line":8,"column":29},"end":{"line":46,"column":1}},"line":8},"1":{"name":"(anonymous_1)","decl":{"start":{"line":27,"column":87},"end":{"line":27,"column":88}},"loc":{"start":{"line":27,"column":91},"end":{"line":27,"column":179}},"line":27},"2":{"name":"(anonymous_2)","decl":{"start":{"line":36,"column":27},"end":{"line":36,"column":28}},"loc":{"start":{"line":38,"column":11},"end":{"line":43,"column":14}},"line":38},"3":{"name":"(anonymous_3)","decl":{"start":{"line":38,"column":69},"end":{"line":38,"column":70}},"loc":{"start":{"line":38,"column":75},"end":{"line":38,"column":92}},"line":38},"4":{"name":"(anonymous_4)","decl":{"start":{"line":41,"column":26},"end":{"line":41,"column":27}},"loc":{"start":{"line":41,"column":30},"end":{"line":41,"column":93}},"line":41},"5":{"name":"(anonymous_5)","decl":{"start":{"line":41,"column":43},"end":{"line":41,"column":44}},"loc":{"start":{"line":41,"column":57},"end":{"line":41,"column":91}},"line":41}},"branchMap":{"0":{"loc":{"start":{"line":18,"column":2},"end":{"line":21,"column":3}},"type":"if","locations":[{"start":{"line":18,"column":2},"end":{"line":21,"column":3}},{"start":{},"end":{}}],"line":18},"1":{"loc":{"start":{"line":39,"column":22},"end":{"line":39,"column":52}},"type":"cond-expr","locations":[{"start":{"line":39,"column":42},"end":{"line":39,"column":46}},{"start":{"line":39,"column":47},"end":{"line":39,"column":52}}],"line":39},"2":{"loc":{"start":{"line":41,"column":57},"end":{"line":41,"column":91}},"type":"cond-expr","locations":[{"start":{"line":41,"column":79},"end":{"line":41,"column":83}},{"start":{"line":41,"column":86},"end":{"line":41,"column":91}}],"line":41}},"s":{"0":1,"1":1,"2":1,"3":1,"4":1,"5":1,"6":0,"7":0,"8":0,"9":0,"10":0,"11":0,"12":0,"13":0,"14":0},"f":{"0":1,"1":0,"2":0,"3":0,"4":0,"5":0},"b":{"0":[1,0],"1":[0,0],"2":[0,0]},"_coverageSchema":"1a1c01bbd47fc00a2c39e90264f33305004495a9","hash":"63e1ab1c7e15d27f1dc40b54179932c72bc2f620"}
,"/home/redhat/Desktop/desktop/JoyofReact/src/utils/appStore.js": {"path":"/home/redhat/Desktop/desktop/JoyofReact/src/utils/appStore.js","statementMap":{"0":{"start":{"line":4,"column":15},"end":{"line":9,"column":2}}},"fnMap":{},"branchMap":{},"s":{"0":1},"f":{},"b":{},"_coverageSchema":"1a1c01bbd47fc00a2c39e90264f33305004495a9","hash":"3bc1680984122b0303a05687f59b2ac42a07f184"}
}
