TN:
SF:src/components/Body.js
FN:10,(anonymous_0)
FN:63,(anonymous_1)
FN:70,(anonymous_2)
FN:108,(anonymous_3)
FN:112,(anonymous_4)
FN:117,(anonymous_5)
FN:127,(anonymous_6)
FN:132,(anonymous_7)
FN:146,(anonymous_8)
FN:149,(anonymous_9)
FN:160,(anonymous_10)
FN:165,(anonymous_11)
FNF:12
FNH:3
FNDA:6,(anonymous_0)
FNDA:1,(anonymous_1)
FNDA:1,(anonymous_2)
FNDA:0,(anonymous_3)
FNDA:0,(anonymous_4)
FNDA:0,(anonymous_5)
FNDA:0,(anonymous_6)
FNDA:0,(anonymous_7)
FNDA:0,(anonymous_8)
FNDA:0,(anonymous_9)
FNDA:0,(anonymous_10)
FNDA:0,(anonymous_11)
DA:10,1
DA:12,6
DA:13,5
DA:15,5
DA:16,5
DA:63,5
DA:65,1
DA:70,5
DA:71,1
DA:72,1
DA:77,1
DA:83,1
DA:84,1
DA:86,0
DA:90,5
DA:91,5
DA:96,5
DA:98,5
DA:109,0
DA:113,0
DA:114,0
DA:116,0
DA:117,0
DA:118,0
DA:120,0
DA:130,0
DA:131,0
DA:133,0
DA:135,0
DA:148,0
DA:149,0
DA:151,0
DA:152,0
DA:160,0
DA:166,0
LF:35
LH:17
BRDA:91,0,0,0
BRDA:91,0,1,5
BRDA:98,1,0,1
BRDA:98,1,1,0
BRDA:113,2,0,0
BRDA:113,2,1,0
BRDA:167,3,0,0
BRDA:167,3,1,0
BRF:8
BRH:2
end_of_record
TN:
SF:src/components/Contact.js
FN:1,(anonymous_0)
FNF:1
FNH:1
FNDA:5,(anonymous_0)
DA:1,1
DA:2,5
LF:2
LH:2
BRF:0
BRH:0
end_of_record
TN:
SF:src/components/Header.js
FN:9,(anonymous_0)
FN:21,(anonymous_1)
FN:28,(anonymous_2)
FN:61,(anonymous_3)
FNF:4
FNH:4
FNDA:3,(anonymous_0)
FNDA:3,(anonymous_1)
FNDA:5,(anonymous_2)
FNDA:1,(anonymous_3)
DA:9,1
DA:11,3
DA:13,3
DA:21,3
DA:24,3
DA:28,5
DA:30,3
DA:62,1
LF:8
LH:8
BRDA:37,0,0,3
BRDA:37,0,1,0
BRDA:62,1,0,1
BRDA:62,1,1,0
BRF:4
BRH:2
end_of_record
TN:
SF:src/components/RestaurantCard.js
FN:5,(anonymous_0)
FN:27,(anonymous_1)
FN:28,(anonymous_2)
FNF:3
FNH:2
FNDA:1,(anonymous_0)
FNDA:5,(anonymous_1)
FNDA:0,(anonymous_2)
DA:5,2
DA:6,1
DA:8,1
DA:9,1
DA:10,1
DA:27,2
DA:28,5
DA:29,0
LF:8
LH:7
BRF:0
BRH:0
end_of_record
TN:
SF:src/components/RestaurantMenu.js
FN:8,(anonymous_0)
FN:27,(anonymous_1)
FN:36,(anonymous_2)
FN:38,(anonymous_3)
FN:41,(anonymous_4)
FN:41,(anonymous_5)
FNF:6
FNH:1
FNDA:1,(anonymous_0)
FNDA:0,(anonymous_1)
FNDA:0,(anonymous_2)
FNDA:0,(anonymous_3)
FNDA:0,(anonymous_4)
FNDA:0,(anonymous_5)
DA:8,1
DA:12,1
DA:13,1
DA:15,1
DA:18,1
DA:19,1
DA:23,0
DA:25,0
DA:27,0
DA:29,0
DA:38,0
DA:41,0
LF:12
LH:6
BRDA:18,0,0,1
BRDA:18,0,1,0
BRDA:39,1,0,0
BRDA:39,1,1,0
BRDA:41,2,0,0
BRDA:41,2,1,0
BRF:6
BRH:1
end_of_record
TN:
SF:src/utils/appStore.js
FNF:0
FNH:0
DA:4,1
LF:1
LH:1
BRF:0
BRH:0
end_of_record
